HEU:	1670376.12	1670376.12	0.0031	0.10	1	2
DFS:	1633944.99	1633944.99	0.0009	0.10	1	2
GRB:	1633944.99	1633944.99	22.54	0.10	1	2

HEU:	142770.19	142770.19	0.0008	0.10	1	3
DFS:	141464.04	141464.04	0.0012	0.10	1	3
GRB:	141464.04	141464.04	34.16	0.10	1	3

HEU:	41451.49	41451.49	0.0003	0.10	1	4
DFS:	41267.75	41267.75	0.0009	0.10	1	4
GRB:	41267.75	41267.75	63.76	0.10	1	4

HEU:	34456.31	34456.31	0.0004	0.10	1	5
DFS:	34443.24	34443.24	0.0011	0.10	1	5
GRB:	34443.24	34443.24	70.98	0.10	1	5

HEU:	33973.26	33973.26	0.0006	0.10	1	6
DFS:	33965.45	33965.45	0.0013	0.10	1	6
GRB:	33960.48	33960.30	85.82	0.10	1	6

HEU:	33938.50	33938.50	0.0005	0.10	1	7
DFS:	33931.63	33931.63	0.0021	0.10	1	7
GRB:	33928.38	33928.38	88.46	0.10	1	7

HEU:	33936.05	33936.05	0.0005	0.10	1	8
DFS:	33929.30	33929.30	0.0050	0.10	1	8
GRB:	33928.26	33928.22	121.57	0.10	1	8

HEU:	33935.89	33935.89	0.0006	0.10	1	9
DFS:	33929.14	33929.14	0.0132	0.10	1	9
GRB:	33928.21	33928.21	141.11	0.10	1	9

HEU:	33935.88	33935.88	0.0006	0.10	1	10
DFS:	33929.13	33929.13	0.0571	0.10	1	10
GRB:	33928.28	33928.21	138.94	0.10	1	10

HEU:	1754270.70	1754270.70	0.0003	0.10	2	2
DFS:	1723122.41	1723122.41	0.0005	0.10	2	2
GRB:	1723122.41	1723122.41	21.50	0.10	2	2

HEU:	301568.78	301568.78	0.0003	0.10	2	3
DFS:	298683.51	298683.51	0.0007	0.10	2	3
GRB:	298683.51	298683.51	25.59	0.10	2	3

HEU:	235004.85	235004.85	0.0003	0.10	2	4
DFS:	234311.50	234311.50	0.0015	0.10	2	4
GRB:	234311.50	234311.50	25.61	0.10	2	4

HEU:	235004.85	235004.85	0.0004	0.10	2	5
DFS:	234311.50	234311.50	0.0019	0.10	2	5
GRB:	234311.50	234311.50	24.86	0.10	2	5

HEU:	235004.85	235004.85	0.0005	0.10	2	6
DFS:	234311.50	234311.50	0.0019	0.10	2	6
GRB:	234311.50	234311.50	24.91	0.10	2	6

HEU:	235004.85	235004.85	0.0004	0.10	2	7
DFS:	234311.50	234311.50	0.0022	0.10	2	7
GRB:	234311.50	234311.50	24.58	0.10	2	7

HEU:	235004.85	235004.85	0.0003	0.10	2	8
DFS:	234311.50	234311.50	0.0019	0.10	2	8
GRB:	234311.50	234311.50	24.40	0.10	2	8

HEU:	235004.85	235004.85	0.0004	0.10	2	9
DFS:	234311.50	234311.50	0.0019	0.10	2	9
GRB:	234311.50	234311.50	24.80	0.10	2	9

HEU:	235004.85	235004.85	0.0004	0.10	2	10
DFS:	234311.50	234311.50	0.0019	0.10	2	10
GRB:	234311.50	234311.50	24.44	0.10	2	10

HEU:	3133465.73	3133465.73	0.0003	0.10	3	2
DFS:	3108786.52	3108786.52	0.0003	0.10	3	2
GRB:	3108786.52	3108786.52	21.33	0.10	3	2

HEU:	1964487.80	1964487.80	0.0003	0.10	3	3
DFS:	1962014.55	1962014.55	0.0005	0.10	3	3
GRB:	1962014.55	1962014.55	14.22	0.10	3	3

HEU:	1949611.32	1949611.32	0.0003	0.10	3	4
DFS:	1947138.07	1947138.07	0.0007	0.10	3	4
GRB:	1947138.07	1947138.07	14.57	0.10	3	4

HEU:	1949611.32	1949611.32	0.0003	0.10	3	5
DFS:	1947138.07	1947138.07	0.0007	0.10	3	5
GRB:	1947138.07	1947138.07	14.33	0.10	3	5

HEU:	1949611.32	1949611.32	0.0004	0.10	3	6
DFS:	1947138.07	1947138.07	0.0007	0.10	3	6
GRB:	1947138.07	1947138.07	14.71	0.10	3	6

HEU:	1949611.32	1949611.32	0.0003	0.10	3	7
DFS:	1947138.07	1947138.07	0.0007	0.10	3	7
GRB:	1947138.07	1947138.07	14.87	0.10	3	7

HEU:	1949611.32	1949611.32	0.0004	0.10	3	8
DFS:	1947138.07	1947138.07	0.0007	0.10	3	8
GRB:	1947138.07	1947138.07	14.33	0.10	3	8

HEU:	1949611.32	1949611.32	0.0004	0.10	3	9
DFS:	1947138.07	1947138.07	0.0007	0.10	3	9
GRB:	1947138.07	1947138.07	14.41	0.10	3	9

HEU:	1949611.32	1949611.32	0.0003	0.10	3	10
DFS:	1947138.07	1947138.07	0.0007	0.10	3	10
GRB:	1947138.07	1947138.07	14.75	0.10	3	10

HEU:	3340752.24	3340752.24	0.0003	0.20	1	2
DFS:	3200666.60	3200666.60	0.0006	0.20	1	2
GRB:	3200666.60	3200666.60	20.05	0.20	1	2

HEU:	508533.33	508533.33	0.0003	0.20	1	3
DFS:	492574.63	492574.63	0.0011	0.20	1	3
GRB:	492574.63	492574.63	51.61	0.20	1	3

HEU:	134009.88	134009.88	0.0004	0.20	1	4
DFS:	130824.03	130824.03	0.0027	0.20	1	4
GRB:	130824.03	130824.03	191.34	0.20	1	4

HEU:	82319.67	82319.67	0.0004	0.20	1	5
DFS:	81884.59	81884.59	0.0028	0.20	1	5
GRB:	81884.59	81884.59	214.07	0.20	1	5

HEU:	75204.92	75204.92	0.0005	0.20	1	6
DFS:	75049.11	75049.11	0.0029	0.20	1	6
GRB:	75049.09	75049.09	238.29	0.20	1	6

HEU:	74178.41	74178.41	0.0005	0.20	1	7
DFS:	74091.10	74091.10	0.0037	0.20	1	7
GRB:	74091.03	74091.03	288.12	0.20	1	7

HEU:	74033.23	74033.23	0.0006	0.20	1	8
DFS:	73959.27	73959.27	0.0075	0.20	1	8
GRB:	73943.76	73943.76	248.10	0.20	1	8

HEU:	74013.56	74013.56	0.0006	0.20	1	9
DFS:	73941.16	73941.16	0.0195	0.20	1	9
GRB:	73936.64	73936.38	278.98	0.20	1	9

HEU:	74010.90	74010.90	0.0010	0.20	1	10
DFS:	73938.68	73938.68	0.0678	0.20	1	10
GRB:	73936.47	73935.76	311.06	0.20	1	10

HEU:	3427611.75	3427611.75	0.0003	0.20	2	2
DFS:	3297990.49	3297990.49	0.0009	0.20	2	2
GRB:	3297990.49	3297990.49	20.21	0.20	2	2

HEU:	693534.12	693534.12	0.0003	0.20	2	3
DFS:	666412.48	666412.48	0.0014	0.20	2	3
GRB:	666412.48	666412.48	34.91	0.20	2	3

HEU:	360987.90	360987.90	0.0004	0.20	2	4
DFS:	356701.30	356701.30	0.0035	0.20	2	4
GRB:	356701.30	356701.30	210.22	0.20	2	4

HEU:	338760.76	338760.76	0.0004	0.20	2	5
DFS:	334265.11	334265.11	0.0075	0.20	2	5
GRB:	334265.11	334265.11	143.99	0.20	2	5

HEU:	338760.76	338760.76	0.0004	0.20	2	6
DFS:	334265.11	334265.11	0.0084	0.20	2	6
GRB:	334265.11	334265.11	139.02	0.20	2	6

HEU:	338760.76	338760.76	0.0005	0.20	2	7
DFS:	334265.11	334265.11	0.0096	0.20	2	7
GRB:	334265.11	334265.11	134.83	0.20	2	7

HEU:	338760.76	338760.76	0.0005	0.20	2	8
DFS:	334265.11	334265.11	0.0087	0.20	2	8
GRB:	334265.11	334264.07	135.35	0.20	2	8

HEU:	338760.76	338760.76	0.0004	0.20	2	9
DFS:	334265.11	334265.11	0.0086	0.20	2	9
GRB:	334265.11	334265.11	135.12	0.20	2	9

HEU:	338760.76	338760.76	0.0004	0.20	2	10
DFS:	334265.11	334265.11	0.0085	0.20	2	10
GRB:	334265.11	334265.11	132.77	0.20	2	10

HEU:	4748735.73	4748735.73	0.0003	0.20	3	2
DFS:	4643757.79	4643757.79	0.0004	0.20	3	2
GRB:	4643757.79	4643757.79	20.23	0.20	3	2

HEU:	2454110.49	2454110.49	0.0003	0.20	3	3
DFS:	2444464.63	2444464.63	0.0007	0.20	3	3
GRB:	2444464.63	2444464.63	14.71	0.20	3	3

HEU:	2318998.23	2318998.23	0.0004	0.20	3	4
DFS:	2294633.28	2294633.28	0.0011	0.20	3	4
GRB:	2294633.28	2294633.28	14.57	0.20	3	4

HEU:	2314385.20	2314385.20	0.0004	0.20	3	5
DFS:	2291633.33	2291633.33	0.0011	0.20	3	5
GRB:	2291633.33	2291633.33	14.80	0.20	3	5

HEU:	2314385.20	2314385.20	0.0004	0.20	3	6
DFS:	2291633.33	2291633.33	0.0011	0.20	3	6
GRB:	2291633.33	2291633.33	15.19	0.20	3	6

HEU:	2314385.20	2314385.20	0.0004	0.20	3	7
DFS:	2291633.33	2291633.33	0.0012	0.20	3	7
GRB:	2291633.33	2291633.33	14.42	0.20	3	7

HEU:	2314385.20	2314385.20	0.0004	0.20	3	8
DFS:	2291633.33	2291633.33	0.0011	0.20	3	8
GRB:	2291633.33	2291633.33	14.99	0.20	3	8

HEU:	2314385.20	2314385.20	0.0004	0.20	3	9
DFS:	2291633.33	2291633.33	0.0011	0.20	3	9
GRB:	2291633.33	2291633.33	14.76	0.20	3	9

HEU:	2314385.20	2314385.20	0.0004	0.20	3	10
DFS:	2291633.33	2291633.33	0.0011	0.20	3	10
GRB:	2291633.33	2291633.33	14.87	0.20	3	10

HEU:	5011128.36	5011128.36	0.0003	0.30	1	2
DFS:	4694376.52	4694376.52	0.0008	0.30	1	2
GRB:	4694376.52	4694376.52	19.47	0.30	1	2

HEU:	1097289.43	1097289.43	0.0003	0.30	1	3
DFS:	1029633.96	1029633.96	0.0033	0.30	1	3
GRB:	1029633.96	1029633.96	268.06	0.30	1	3

HEU:	323802.24	323802.24	0.0003	0.30	1	4
DFS:	305850.62	305850.62	0.0053	0.30	1	4
GRB:	305850.62	305850.62	253.10	0.30	1	4

HEU:	163763.07	163763.07	0.0004	0.30	1	5
DFS:	159508.53	159508.53	0.0084	0.30	1	5
GRB:	159508.53	159508.53	551.46	0.30	1	5

HEU:	130852.86	130852.86	0.0005	0.30	1	6
DFS:	129433.27	129433.27	0.0084	0.30	1	6
GRB:	129433.27	129433.27	548.52	0.30	1	6

HEU:	123709.38	123709.38	0.0006	0.30	1	7
DFS:	123189.92	123189.92	0.0103	0.30	1	7
GRB:	123189.92	123189.92	461.72	0.30	1	7

HEU:	122188.68	122188.68	0.0005	0.30	1	8
DFS:	121869.57	121869.57	0.0162	0.30	1	8
GRB:	121869.62	121869.55	481.73	0.30	1	8

HEU:	121879.79	121879.79	0.0005	0.30	1	9
DFS:	121599.96	121599.96	0.0297	0.30	1	9
GRB:	121595.17	121593.98	453.27	0.30	1	9

HEU:	121817.20	121817.20	0.0006	0.30	1	10
DFS:	121544.86	121544.86	0.0890	0.30	1	10
GRB:	121528.77	121528.23	454.86	0.30	1	10

HEU:	5100952.80	5100952.80	0.0002	0.30	2	2
DFS:	4800015.31	4800015.31	0.0009	0.30	2	2
GRB:	4800015.31	4800015.31	19.41	0.30	2	2

HEU:	1320667.45	1320667.45	0.0003	0.30	2	3
DFS:	1220766.16	1220766.16	0.0038	0.30	2	3
GRB:	1220766.16	1220766.16	324.40	0.30	2	3

HEU:	579407.23	579407.23	0.0003	0.30	2	4
DFS:	557306.00	557306.00	0.0082	0.30	2	4
GRB:	557306.00	557306.00	381.17	0.30	2	4

HEU:	453822.51	453822.51	0.0004	0.30	2	5
DFS:	446252.57	446252.57	0.0179	0.30	2	5
GRB:	446252.57	446252.57	386.48	0.30	2	5

HEU:	444558.57	444558.57	0.0009	0.30	2	6
DFS:	437074.61	437074.61	0.0327	0.30	2	6
GRB:	437074.61	437074.61	383.05	0.30	2	6

HEU:	444966.36	444966.36	0.0005	0.30	2	7
DFS:	437074.61	437074.61	0.0343	0.30	2	7
GRB:	437074.61	437074.61	404.63	0.30	2	7

HEU:	444966.36	444966.36	0.0005	0.30	2	8
DFS:	437074.61	437074.61	0.0354	0.30	2	8
GRB:	437074.61	437074.61	428.76	0.30	2	8

HEU:	444966.36	444966.36	0.0005	0.30	2	9
DFS:	437074.61	437074.61	0.0342	0.30	2	9
GRB:	437074.61	437074.61	413.18	0.30	2	9

HEU:	444966.36	444966.36	0.0005	0.30	2	10
DFS:	437074.61	437074.61	0.0356	0.30	2	10
GRB:	437074.61	437074.61	401.34	0.30	2	10

HEU:	6364005.73	6364005.73	0.0003	0.30	3	2
DFS:	6127605.57	6127605.57	0.0009	0.30	3	2
GRB:	6127605.57	6127605.57	19.40	0.30	3	2

HEU:	3139701.37	3139701.37	0.0003	0.30	3	3
DFS:	3089066.16	3089066.16	0.0012	0.30	3	3
GRB:	3089066.16	3089066.16	23.63	0.30	3	3

HEU:	2696479.94	2696479.94	0.0004	0.30	3	4
DFS:	2648117.83	2648117.83	0.0014	0.30	3	4
GRB:	2648117.83	2648117.83	23.03	0.30	3	4

HEU:	2676739.86	2676739.86	0.0004	0.30	3	5
DFS:	2622185.75	2622185.75	0.0018	0.30	3	5
GRB:	2622185.75	2622185.75	23.14	0.30	3	5

HEU:	2676739.86	2676739.86	0.0005	0.30	3	6
DFS:	2622185.75	2622185.75	0.0018	0.30	3	6
GRB:	2622185.75	2622185.75	23.05	0.30	3	6

HEU:	2676739.86	2676739.86	0.0005	0.30	3	7
DFS:	2622185.75	2622185.75	0.0022	0.30	3	7
GRB:	2622185.75	2622185.75	23.03	0.30	3	7

HEU:	2676739.86	2676739.86	0.0004	0.30	3	8
DFS:	2622185.75	2622185.75	0.0019	0.30	3	8
GRB:	2622185.75	2622185.75	23.13	0.30	3	8

HEU:	2676739.86	2676739.86	0.0005	0.30	3	9
DFS:	2622185.75	2622185.75	0.0019	0.30	3	9
GRB:	2622185.75	2622185.75	23.02	0.30	3	9

HEU:	2676739.86	2676739.86	0.0004	0.30	3	10
DFS:	2622185.75	2622185.75	0.0019	0.30	3	10
GRB:	2622185.75	2622185.75	23.22	0.30	3	10

diaryoff
{函数或变量 'diaryoff' 无法识别。
} 
diary off
