\BOOKMARK [0][-]{chapter*.4}{\376\377\144\130\211\201}{}% 1
\BOOKMARK [0][-]{chapter*.5}{\376\377\000A\000B\000S\000T\000R\000A\000C\000T}{}% 2
\BOOKMARK [0][-]{bittoc.0}{\376\377\166\356\137\125}{}% 3
\BOOKMARK [0][-]{chapter.1}{\376\377\0001\000\040\000\040\137\025\212\000}{}% 4
\BOOKMARK [1][-]{section.1.1}{\376\377\0001\000.\0001\000\040\170\024\172\166\200\314\146\157\124\214\141\017\116\111}{chapter.1}% 5
\BOOKMARK [2][-]{subsection.1.1.1}{\376\377\0001\000.\0001\000.\0001\000\040\170\024\172\166\200\314\146\157}{section.1.1}% 6
\BOOKMARK [2][-]{subsection.1.1.2}{\376\377\0001\000.\0001\000.\0002\000\040\170\024\172\166\141\017\116\111}{section.1.1}% 7
\BOOKMARK [2][-]{subsection.1.1.3}{\376\377\0001\000.\0001\000.\0003\000\040\170\024\172\166\122\033\145\260\160\271}{section.1.1}% 8
\BOOKMARK [1][-]{section.1.2}{\376\377\0001\000.\0002\000\040\170\024\172\166\215\357\176\277}{chapter.1}% 9
\BOOKMARK [1][-]{section.1.3}{\376\377\0001\000.\0003\000\040\147\054\172\340\134\017\176\323}{chapter.1}% 10
\BOOKMARK [0][-]{chapter.2}{\376\377\0002\000\040\000\040\145\207\163\056\176\374\217\360}{}% 11
\BOOKMARK [1][-]{section.2.1}{\376\377\0002\000.\0001\000\040\123\357\227\140\220\011\127\100\164\006\213\272\176\374\217\360}{chapter.2}% 12
\BOOKMARK [1][-]{section.2.2}{\376\377\0002\000.\0002\000\040\162\151\155\101\202\202\160\271\123\357\227\140\220\011\127\100\164\006\213\272\176\374\217\360}{chapter.2}% 13
\BOOKMARK [1][-]{section.2.3}{\376\377\0002\000.\0003\000\040\147\054\172\340\134\017\176\323}{chapter.2}% 14
\BOOKMARK [0][-]{chapter.3}{\376\377\0003\000\040\000\040\200\003\206\121\213\276\145\275\131\061\145\110\230\316\226\151\166\204\162\151\155\101\177\121\176\334\220\011\127\100\152\041\127\213\147\204\136\372}{}% 15
\BOOKMARK [1][-]{section.3.1}{\376\377\0003\000.\0001\000\040\152\041\127\213\120\107\213\276}{chapter.3}% 16
\BOOKMARK [1][-]{section.3.2}{\376\377\0003\000.\0002\000\040\225\356\230\230\143\317\217\360\124\214\173\046\123\367\213\364\146\016}{chapter.3}% 17
\BOOKMARK [1][-]{section.3.3}{\376\377\0003\000.\0003\000\040\152\041\127\213\147\204\136\372}{chapter.3}% 18
\BOOKMARK [2][-]{subsection.3.3.1}{\376\377\0003\000.\0003\000.\0001\000\040\166\356\150\007\121\375\145\160\143\250\133\374}{section.3.3}% 19
\BOOKMARK [2][-]{subsection.3.3.2}{\376\377\0003\000.\0003\000.\0002\000\040\145\160\133\146\152\041\127\213}{section.3.3}% 20
\BOOKMARK [1][-]{section.3.4}{\376\377\0003\000.\0004\000\040\152\041\127\213\176\277\140\047\123\026}{chapter.3}% 21
\BOOKMARK [1][-]{section.3.5}{\376\377\0003\000.\0005\000\040\152\041\127\213\140\047\215\050}{chapter.3}% 22
\BOOKMARK [2][-]{subsection.3.5.1}{\376\377\0003\000.\0005\000.\0001\000\040\000N\000P\000-\000h\000a\000r\000d}{section.3.5}% 23
\BOOKMARK [2][-]{subsection.3.5.2}{\376\377\0003\000.\0005\000.\0002\000\040\133\120\225\356\230\230\377\032\213\325\225\031\136\217\122\027\225\356\230\230}{section.3.5}% 24
\BOOKMARK [1][-]{section.3.6}{\376\377\0003\000.\0006\000\040\147\054\172\340\134\017\176\323}{chapter.3}% 25
\BOOKMARK [0][-]{chapter.4}{\376\377\0004\000\040\000\040\127\372\116\216\217\355\116\343\134\100\220\350\144\034\175\042\145\071\217\333\166\204\142\311\150\074\147\027\145\345\147\176\137\033\173\227\154\325\213\276\213\241}{}% 26
\BOOKMARK [1][-]{section.4.1}{\376\377\0004\000.\0001\000\040\000L\000R\173\227\154\325\123\237\164\006}{chapter.4}% 27
\BOOKMARK [1][-]{section.4.2}{\376\377\0004\000.\0002\000\040\173\227\154\325\213\276\213\241}{chapter.4}% 28
\BOOKMARK [2][-]{subsection.4.2.1}{\376\377\0004\000.\0002\000.\0001\000\040\176\246\147\137\147\176\137\033}{section.4.2}% 29
\BOOKMARK [2][-]{subsection.4.2.2}{\376\377\0004\000.\0002\000.\0002\000\040\116\013\165\114\203\267\123\326}{section.4.2}% 30
\BOOKMARK [2][-]{subsection.4.2.3}{\376\377\0004\000.\0002\000.\0003\000\040\116\012\165\114\203\267\123\326}{section.4.2}% 31
\BOOKMARK [2][-]{subsection.4.2.4}{\376\377\0004\000.\0002\000.\0004\000\040\116\130\133\120\146\364\145\260}{section.4.2}% 32
\BOOKMARK [2][-]{subsection.4.2.5}{\376\377\0004\000.\0002\000.\0005\000\040\120\134\153\142\147\141\116\366}{section.4.2}% 33
\BOOKMARK [2][-]{subsection.4.2.6}{\376\377\0004\000.\0002\000.\0006\000\040\116\012\165\114\145\071\217\333}{section.4.2}% 34
\BOOKMARK [1][-]{section.4.3}{\376\377\0004\000.\0003\000\040\147\054\172\340\134\017\176\323}{chapter.4}% 35
\BOOKMARK [0][-]{chapter.5}{\376\377\0005\000\040\000\040\145\160\120\074\133\236\232\214\213\276\213\241\123\312\173\227\154\325\140\047\200\375\122\006\147\220}{}% 36
\BOOKMARK [1][-]{section.5.1}{\376\377\0005\000.\0001\000\040\133\236\232\214\213\276\213\241}{chapter.5}% 37
\BOOKMARK [1][-]{section.5.2}{\376\377\0005\000.\0002\000\040\176\374\124\010\154\102\211\343\140\047\200\375\122\006\147\220}{chapter.5}% 38
\BOOKMARK [2][-]{subsection.5.2.1}{\376\377\0005\000.\0002\000.\0001\000\040\154\102\211\343\140\047\200\375\133\371\153\324}{section.5.2}% 39
\BOOKMARK [2][-]{subsection.5.2.2}{\376\377\0005\000.\0002\000.\0002\000\040\173\227\117\213\123\302\145\160\000p\166\204\137\161\124\315}{section.5.2}% 40
\BOOKMARK [2][-]{subsection.5.2.3}{\376\377\0005\000.\0002\000.\0003\000\040\173\227\117\213\123\302\145\160\000R\166\204\137\161\124\315}{section.5.2}% 41
\BOOKMARK [2][-]{subsection.5.2.4}{\376\377\0005\000.\0002\000.\0004\000\040\117\030\123\026\146\362\176\277}{section.5.2}% 42
\BOOKMARK [1][-]{section.5.3}{\376\377\0005\000.\0003\000\040\116\013\165\114\154\102\211\343\140\047\200\375\122\006\147\220}{chapter.5}% 43
\BOOKMARK [1][-]{section.5.4}{\376\377\0005\000.\0004\000\040\116\012\165\114\154\102\211\343\140\047\200\375\122\006\147\220}{chapter.5}% 44
\BOOKMARK [1][-]{section.5.5}{\376\377\0005\000.\0005\000\040\116\130\133\120\146\364\145\260\145\110\147\234\213\250\213\272}{chapter.5}% 45
\BOOKMARK [1][-]{section.5.6}{\376\377\0005\000.\0006\000\040\176\277\140\047\123\026\145\110\147\234\213\250\213\272}{chapter.5}% 46
\BOOKMARK [1][-]{section.5.7}{\376\377\0005\000.\0007\000\040\173\227\117\213\176\323\147\234\123\312\160\165\145\117\136\246\122\006\147\220}{chapter.5}% 47
\BOOKMARK [2][-]{subsection.5.7.1}{\376\377\0005\000.\0007\000.\0001\000\040\176\323\147\234\134\125\171\072}{section.5.7}% 48
\BOOKMARK [2][-]{subsection.5.7.2}{\376\377\0005\000.\0007\000.\0002\000\040\123\302\145\160\000p\160\165\145\117\136\246\122\006\147\220}{section.5.7}% 49
\BOOKMARK [2][-]{subsection.5.7.3}{\376\377\0005\000.\0007\000.\0003\000\040\123\302\145\160\000R\160\165\145\117\136\246\122\006\147\220}{section.5.7}% 50
\BOOKMARK [1][-]{section.5.8}{\376\377\0005\000.\0008\000\040\147\054\172\340\134\017\176\323}{chapter.5}% 51
\BOOKMARK [0][-]{chapter.6}{\376\377\0006\000\040\000\040\140\073\176\323\116\016\134\125\147\033}{}% 52
\BOOKMARK [1][-]{section.6.1}{\376\377\0006\000.\0001\000\040\135\345\117\134\140\073\176\323}{chapter.6}% 53
\BOOKMARK [1][-]{section.6.2}{\376\377\0006\000.\0002\000\040\170\024\172\166\134\125\147\033}{chapter.6}% 54
\BOOKMARK [0][-]{chapter*.32}{\376\377\123\302\200\003\145\207\163\056}{}% 55
\BOOKMARK [0][-]{chapter*.33}{\376\377\226\104\137\125\000A}{}% 56
\BOOKMARK [0][-]{chapter*.36}{\376\377\226\104\137\125\000B}{}% 57
\BOOKMARK [0][-]{chapter*.37}{\376\377\117\134\200\005\173\200\123\206\123\312\145\073\213\373\170\125\130\353\133\146\117\115\147\037\225\364\123\326\137\227\166\204\170\024\172\166\142\020\147\234}{}% 58
\BOOKMARK [0][-]{chapter*.38}{\376\377\162\354\122\033\140\047\130\360\146\016}{}% 59
\BOOKMARK [0][-]{chapter*.39}{\376\377\133\146\117\115\213\272\145\207\145\160\143\156\226\306}{}% 60
