HEU:	3014368.04	3014368.04	0.0444	0.10	10	2
DFS:	3012246.66	3012246.66	0.0010	0.10	10	2
GRB:	3012246.66	3012246.66	2.22	0.10	10	2

HEU:	1759968.32	1759968.32	0.0006	0.10	10	3
DFS:	1530528.73	1530528.73	0.0006	0.10	10	3
GRB:	1530528.73	1530528.73	5.36	0.10	10	3

HEU:	1452475.48	1452475.48	0.0010	0.10	10	4
DFS:	1429483.20	1429483.20	0.0006	0.10	10	4
GRB:	1429483.20	1429483.20	4.85	0.10	10	4

HEU:	1424496.67	1424496.67	0.0008	0.10	10	5
DFS:	1422385.37	1422385.37	0.0007	0.10	10	5
GRB:	1422385.37	1422385.37	5.11	0.10	10	5

HEU:	1422981.45	1422981.45	0.0012	0.10	10	6
DFS:	1421956.49	1421956.49	0.0008	0.10	10	6
GRB:	1421962.06	1421954.89	5.51	0.10	10	6

HEU:	1422696.62	1422696.62	0.0006	0.10	10	7
DFS:	1421924.37	1421924.37	0.0006	0.10	10	7
GRB:	1421927.84	1421920.68	5.74	0.10	10	7

HEU:	1422673.48	1422673.48	0.0008	0.10	10	8
DFS:	1421922.23	1421922.23	0.0006	0.10	10	8
GRB:	1421927.84	1421920.68	5.70	0.10	10	8

HEU:	1422671.94	1422671.94	0.0006	0.10	10	9
DFS:	1421922.08	1421922.08	0.0008	0.10	10	9
GRB:	1421927.84	1421920.68	5.77	0.10	10	9

HEU:	1422671.69	1422671.69	0.0006	0.10	10	10
DFS:	1421922.07	1421922.07	0.0010	0.10	10	10
GRB:	1421927.84	1421920.68	5.74	0.10	10	10

HEU:	3461440.13	3461440.13	0.0006	0.10	20	2
DFS:	3433597.35	3433597.35	0.0005	0.10	20	2
GRB:	3433597.35	3433597.35	4.02	0.10	20	2

HEU:	1993724.84	1993724.84	0.0007	0.10	20	3
DFS:	1989538.64	1989538.64	0.0006	0.10	20	3
GRB:	1989538.64	1989538.64	8.33	0.10	20	3

HEU:	1906337.44	1906337.44	0.0007	0.10	20	4
DFS:	1889570.80	1889570.80	0.0006	0.10	20	4
GRB:	1889570.80	1889570.80	10.15	0.10	20	4

HEU:	1884238.17	1884238.17	0.0007	0.10	20	5
DFS:	1882630.96	1882630.96	0.0007	0.10	20	5
GRB:	1882630.96	1882630.96	11.74	0.10	20	5

HEU:	1882267.73	1882267.73	0.0007	0.10	20	6
DFS:	1882170.96	1882170.96	0.0006	0.10	20	6
GRB:	1882167.30	1882155.73	12.93	0.10	20	6

HEU:	1882144.81	1882144.81	0.0008	0.10	20	7
DFS:	1882137.79	1882137.79	0.0006	0.10	20	7
GRB:	1882144.04	1882128.62	12.62	0.10	20	7

HEU:	1882136.20	1882136.20	0.0007	0.10	20	8
DFS:	1882135.58	1882135.58	0.0008	0.10	20	8
GRB:	1882146.84	1882128.62	12.94	0.10	20	8

HEU:	1882135.52	1882135.52	0.0006	0.10	20	9
DFS:	1882135.44	1882135.44	0.0007	0.10	20	9
GRB:	1882144.04	1882128.62	12.98	0.10	20	9

HEU:	1882135.48	1882135.48	0.0007	0.10	20	10
DFS:	1882135.43	1882135.43	0.0007	0.10	20	10
GRB:	1882144.04	1882128.63	13.28	0.10	20	10

HEU:	4193400.81	4193400.81	0.0006	0.10	30	2
DFS:	4130314.17	4130314.17	0.0006	0.10	30	2
GRB:	4130314.17	4130314.17	7.64	0.10	30	2

HEU:	2681180.02	2681180.02	0.0006	0.10	30	3
DFS:	2672873.84	2672873.84	0.0006	0.10	30	3
GRB:	2672873.84	2672873.84	14.54	0.10	30	3

HEU:	2577219.65	2577219.65	0.0007	0.10	30	4
DFS:	2573618.61	2573618.61	0.0007	0.10	30	4
GRB:	2573618.96	2573603.04	18.04	0.10	30	4

HEU:	2567435.47	2567435.47	0.0006	0.10	30	5
DFS:	2566919.96	2566919.96	0.0007	0.10	30	5
GRB:	2566921.86	2566907.27	21.18	0.10	30	5

HEU:	2566514.22	2566514.22	0.0006	0.10	30	6
DFS:	2566440.07	2566440.07	0.0006	0.10	30	6
GRB:	2566434.26	2566419.67	22.91	0.10	30	6

HEU:	2566423.90	2566423.90	0.0008	0.10	30	7
DFS:	2566407.20	2566407.20	0.0009	0.10	30	7
GRB:	2566405.65	2566391.06	21.85	0.10	30	7

HEU:	2566416.30	2566416.30	0.0006	0.10	30	8
DFS:	2566404.89	2566404.89	0.0017	0.10	30	8
GRB:	2566405.65	2566391.06	22.68	0.10	30	8

HEU:	2566415.68	2566415.68	0.0008	0.10	30	9
DFS:	2566404.72	2566404.72	0.0043	0.10	30	9
GRB:	2566405.65	2566391.06	22.34	0.10	30	9

HEU:	2566415.57	2566415.57	0.0007	0.10	30	10
DFS:	2566404.71	2566404.71	0.0164	0.10	30	10
GRB:	2566405.65	2566391.06	21.96	0.10	30	10

HEU:	4771681.94	4771681.94	0.0010	0.10	40	2
DFS:	4714111.30	4714111.30	0.0008	0.10	40	2
GRB:	4714111.30	4714111.30	13.26	0.10	40	2

HEU:	3249096.75	3249096.75	0.0009	0.10	40	3
DFS:	3240363.56	3240363.56	0.0010	0.10	40	3
GRB:	3240363.56	3240363.56	20.69	0.10	40	3

HEU:	3147452.07	3147452.07	0.0010	0.10	40	4
DFS:	3142850.48	3142850.48	0.0009	0.10	40	4
GRB:	3142850.48	3142829.37	27.76	0.10	40	4

HEU:	3140377.19	3140377.19	0.0010	0.10	40	5
DFS:	3136163.42	3136163.42	0.0009	0.10	40	5
GRB:	3136181.22	3136151.15	36.50	0.10	40	5

HEU:	3136071.16	3136071.16	0.0009	0.10	40	6
DFS:	3135710.10	3135710.10	0.0011	0.10	40	6
GRB:	3135702.79	3135702.71	69.45	0.10	40	6

HEU:	3135711.51	3135711.51	0.0011	0.10	40	7
DFS:	3135678.97	3135678.97	0.0013	0.10	40	7
GRB:	3135675.16	3135655.22	60.81	0.10	40	7

HEU:	3135685.68	3135685.68	0.0011	0.10	40	8
DFS:	3135676.91	3135676.91	0.0020	0.10	40	8
GRB:	3135675.14	3135645.69	69.35	0.10	40	8

HEU:	3135681.20	3135681.20	0.0011	0.10	40	9
DFS:	3135676.77	3135676.77	0.0064	0.10	40	9
GRB:	3135675.22	3135647.85	71.96	0.10	40	9

HEU:	3135680.44	3135680.44	0.0012	0.10	40	10
DFS:	3135676.76	3135676.76	0.0181	0.10	40	10
GRB:	3135675.16	3135647.72	70.04	0.10	40	10

HEU:	4688272.98	4688272.98	0.0008	0.20	10	2
DFS:	4680993.49	4680993.49	0.0005	0.20	10	2
GRB:	4680993.49	4680993.49	2.12	0.20	10	2

HEU:	2547957.00	2547957.00	0.0007	0.20	10	3
DFS:	1946579.67	1946579.67	0.0007	0.20	10	3
GRB:	1946579.67	1946579.67	4.29	0.20	10	3

HEU:	1712022.64	1712022.64	0.0007	0.20	10	4
DFS:	1578457.03	1578457.03	0.0007	0.20	10	4
GRB:	1578457.03	1578449.46	5.66	0.20	10	4

HEU:	1551073.90	1551073.90	0.0006	0.20	10	5
DFS:	1525765.22	1525765.22	0.0006	0.20	10	5
GRB:	1525765.22	1525765.22	5.50	0.20	10	5

HEU:	1525966.49	1525966.49	0.0007	0.20	10	6
DFS:	1519486.69	1519486.69	0.0007	0.20	10	6
GRB:	1519496.93	1519483.36	6.34	0.20	10	6

HEU:	1521053.90	1521053.90	0.0005	0.20	10	7
DFS:	1518541.36	1518541.36	0.0006	0.20	10	7
GRB:	1518553.11	1518539.53	6.83	0.20	10	7

HEU:	1520337.86	1520337.86	0.0006	0.20	10	8
DFS:	1518416.06	1518416.06	0.0007	0.20	10	8
GRB:	1518389.21	1518375.64	7.07	0.20	10	8

HEU:	1520240.16	1520240.16	0.0008	0.20	10	9
DFS:	1518397.63	1518397.63	0.0008	0.20	10	9
GRB:	1518388.24	1518374.67	7.10	0.20	10	9

HEU:	1520219.50	1520219.50	0.0006	0.20	10	10
DFS:	1518395.28	1518395.28	0.0009	0.20	10	10
GRB:	1518388.98	1518375.40	7.32	0.20	10	10

HEU:	5094165.57	5094165.57	0.0008	0.20	20	2
DFS:	4985136.54	4985136.54	0.0006	0.20	20	2
GRB:	4985136.54	4985136.54	4.24	0.20	20	2

HEU:	2444003.06	2444003.06	0.0006	0.20	20	3
DFS:	2355514.33	2355514.33	0.0006	0.20	20	3
GRB:	2355514.33	2355514.17	8.41	0.20	20	3

HEU:	2101479.43	2101479.43	0.0007	0.20	20	4
DFS:	2000839.16	2000839.16	0.0008	0.20	20	4
GRB:	2000839.16	2000822.52	10.16	0.20	20	4

HEU:	1972412.17	1972412.17	0.0009	0.20	20	5
DFS:	1952091.00	1952091.00	0.0008	0.20	20	5
GRB:	1952091.00	1952091.00	11.10	0.20	20	5

HEU:	1949177.49	1949177.49	0.0007	0.20	20	6
DFS:	1945406.13	1945406.13	0.0008	0.20	20	6
GRB:	1945413.53	1945397.28	13.31	0.20	20	6

HEU:	1946063.19	1946063.19	0.0007	0.20	20	7
DFS:	1944483.43	1944483.43	0.0011	0.20	20	7
GRB:	1944491.31	1944474.80	14.28	0.20	20	7

HEU:	1945659.43	1945659.43	0.0007	0.20	20	8
DFS:	1944357.26	1944357.26	0.0017	0.20	20	8
GRB:	1944348.92	1944330.16	13.97	0.20	20	8

HEU:	1945569.22	1945569.22	0.0006	0.20	20	9
DFS:	1944340.44	1944340.44	0.0035	0.20	20	9
GRB:	1944343.84	1944327.51	14.26	0.20	20	9

HEU:	1945557.25	1945557.25	0.0009	0.20	20	10
DFS:	1944338.20	1944338.20	0.0090	0.20	20	10
GRB:	1944338.77	1944327.52	14.64	0.20	20	10

HEU:	5866269.11	5866269.11	0.0007	0.20	30	2
DFS:	5665616.27	5665616.27	0.0006	0.20	30	2
GRB:	5665616.27	5665616.27	7.43	0.20	30	2

HEU:	3359616.11	3359616.11	0.0009	0.20	30	3
DFS:	3035341.56	3035341.56	0.0008	0.20	30	3
GRB:	3035341.56	3035341.56	15.20	0.20	30	3

HEU:	2855391.19	2855391.19	0.0006	0.20	30	4
DFS:	2676440.07	2676440.07	0.0009	0.20	30	4
GRB:	2676440.07	2676440.07	21.58	0.20	30	4

HEU:	2663893.10	2663893.10	0.0006	0.20	30	5
DFS:	2627953.26	2627953.26	0.0011	0.20	30	5
GRB:	2627953.26	2627927.78	24.34	0.20	30	5

HEU:	2636688.29	2636688.29	0.0006	0.20	30	6
DFS:	2621219.54	2621219.54	0.0016	0.20	30	6
GRB:	2621220.40	2621208.11	29.12	0.20	30	6

HEU:	2629745.91	2629745.91	0.0007	0.20	30	7
DFS:	2620286.27	2620286.27	0.0032	0.20	30	7
GRB:	2620288.47	2620276.85	32.89	0.20	30	7

HEU:	2623295.82	2623295.82	0.0007	0.20	30	8
DFS:	2620154.31	2620154.31	0.0048	0.20	30	8
GRB:	2620129.16	2620117.87	32.96	0.20	30	8

HEU:	2622408.95	2622408.95	0.0006	0.20	30	9
DFS:	2620135.35	2620135.35	0.0129	0.20	30	9
GRB:	2620129.16	2620117.87	33.32	0.20	30	9

HEU:	2621870.67	2621870.67	0.0010	0.20	30	10
DFS:	2620132.67	2620132.67	0.0294	0.20	30	10
GRB:	2620129.22	2620117.87	33.26	0.20	30	10

HEU:	6444693.93	6444693.93	0.0009	0.20	40	2
DFS:	6277780.12	6277780.12	0.0008	0.20	40	2
GRB:	6277780.12	6277780.12	13.34	0.20	40	2

HEU:	3802986.76	3802986.76	0.0009	0.20	40	3
DFS:	3589432.99	3589432.99	0.0009	0.20	40	3
GRB:	3589432.99	3589432.99	22.65	0.20	40	3

HEU:	3365449.67	3365449.67	0.0009	0.20	40	4
DFS:	3234297.42	3234297.42	0.0012	0.20	40	4
GRB:	3234297.42	3234297.42	66.95	0.20	40	4

HEU:	3228211.24	3228211.24	0.0012	0.20	40	5
DFS:	3186336.46	3186336.46	0.0017	0.20	40	5
GRB:	3186336.46	3186336.46	72.89	0.20	40	5

HEU:	3200729.13	3200729.13	0.0014	0.20	40	6
DFS:	3179818.58	3179818.58	0.0027	0.20	40	6
GRB:	3179821.39	3179801.83	103.59	0.20	40	6

HEU:	3183790.23	3183790.23	0.0010	0.20	40	7
DFS:	3178943.94	3178943.94	0.0028	0.20	40	7
GRB:	3178943.86	3178930.44	102.40	0.20	40	7

HEU:	3181344.08	3181344.08	0.0012	0.20	40	8
DFS:	3178824.65	3178824.65	0.0074	0.20	40	8
GRB:	3178810.17	3178804.32	101.36	0.20	40	8

HEU:	3179422.57	3179422.57	0.0010	0.20	40	9
DFS:	3178808.58	3178808.58	0.0084	0.20	40	9
GRB:	3178811.46	3178792.29	131.82	0.20	40	9

HEU:	3179114.53	3179114.53	0.0014	0.20	40	10
DFS:	3178806.30	3178806.30	0.0247	0.20	40	10
GRB:	3178805.75	3178799.61	145.67	0.20	40	10

HEU:	6362177.93	6362177.93	0.0009	0.30	10	2
DFS:	6316980.28	6316980.28	0.0006	0.30	10	2
GRB:	6316980.28	6316980.28	2.29	0.30	10	2

HEU:	3548432.76	3548432.76	0.0006	0.30	10	3
DFS:	2585602.02	2585602.02	0.0007	0.30	10	3
GRB:	2585602.02	2585602.02	5.11	0.30	10	3

HEU:	2232271.92	2232271.92	0.0007	0.30	10	4
DFS:	1831720.83	1831720.83	0.0007	0.30	10	4
GRB:	1831720.83	1831720.83	5.84	0.30	10	4

HEU:	1834075.97	1834075.97	0.0006	0.30	10	5
DFS:	1671213.78	1671213.78	0.0008	0.30	10	5
GRB:	1671213.78	1671213.78	5.83	0.30	10	5

HEU:	1687393.89	1687393.89	0.0006	0.30	10	6
DFS:	1642616.91	1642616.91	0.0006	0.30	10	6
GRB:	1642616.91	1642616.91	6.86	0.30	10	6

HEU:	1652511.38	1652511.38	0.0008	0.30	10	7
DFS:	1636041.81	1636041.81	0.0007	0.30	10	7
GRB:	1636041.59	1636041.59	7.29	0.30	10	7

HEU:	1646061.74	1646061.74	0.0007	0.30	10	8
DFS:	1634732.26	1634732.26	0.0008	0.30	10	8
GRB:	1634738.06	1634728.86	7.62	0.30	10	8

HEU:	1644048.22	1644048.22	0.0007	0.30	10	9
DFS:	1634443.55	1634443.55	0.0008	0.30	10	9
GRB:	1634443.54	1634432.20	8.01	0.30	10	9

HEU:	1643659.73	1643659.73	0.0007	0.30	10	10
DFS:	1634389.85	1634389.85	0.0009	0.30	10	10
GRB:	1634371.50	1634369.57	8.21	0.30	10	10

HEU:	6726891.01	6726891.01	0.0008	0.30	20	2
DFS:	6479779.20	6479779.20	0.0008	0.30	20	2
GRB:	6479779.20	6479779.20	3.89	0.30	20	2

HEU:	3157915.61	3157915.61	0.0006	0.30	20	3
DFS:	2915432.67	2915432.67	0.0007	0.30	20	3
GRB:	2915432.67	2915432.67	10.03	0.30	20	3

HEU:	2511244.87	2511244.87	0.0007	0.30	20	4
DFS:	2203573.62	2203573.62	0.0010	0.30	20	4
GRB:	2203573.62	2203573.62	15.02	0.30	20	4

HEU:	2168868.42	2168868.42	0.0007	0.30	20	5
DFS:	2055954.65	2055954.65	0.0011	0.30	20	5
GRB:	2055954.65	2055944.64	14.63	0.30	20	5

HEU:	2083844.92	2083844.92	0.0007	0.30	20	6
DFS:	2025553.43	2025553.43	0.0013	0.30	20	6
GRB:	2025553.43	2025533.40	15.43	0.30	20	6

HEU:	2032890.46	2032890.46	0.0007	0.30	20	7
DFS:	2019479.29	2019479.29	0.0014	0.30	20	7
GRB:	2019487.13	2019470.00	16.97	0.30	20	7

HEU:	2029254.48	2029254.48	0.0007	0.30	20	8
DFS:	2018178.88	2018178.88	0.0022	0.30	20	8
GRB:	2018187.58	2018173.66	17.47	0.30	20	8

HEU:	2022587.06	2022587.06	0.0007	0.30	20	9
DFS:	2017920.80	2017920.80	0.0040	0.30	20	9
GRB:	2017904.60	2017889.70	19.83	0.30	20	9

HEU:	2021140.73	2021140.73	0.0007	0.30	20	10
DFS:	2017869.24	2017869.24	0.0072	0.30	20	10
GRB:	2017850.79	2017840.58	18.74	0.30	20	10

HEU:	7539137.40	7539137.40	0.0006	0.30	30	2
DFS:	7138310.69	7138310.69	0.0006	0.30	30	2
GRB:	7138310.69	7138310.69	7.27	0.30	30	2

HEU:	4136931.33	4136931.33	0.0006	0.30	30	3
DFS:	3593063.07	3593063.07	0.0010	0.30	30	3
GRB:	3593063.07	3593063.07	20.00	0.30	30	3

HEU:	3330131.96	3330131.96	0.0007	0.30	30	4
DFS:	2868351.60	2868351.60	0.0022	0.30	30	4
GRB:	2868351.60	2868351.60	29.79	0.30	30	4

HEU:	2869801.27	2869801.27	0.0008	0.30	30	5
DFS:	2721043.28	2721043.28	0.0025	0.30	30	5
GRB:	2721043.28	2721043.28	44.46	0.30	30	5

HEU:	2748234.41	2748234.41	0.0007	0.30	30	6
DFS:	2691218.14	2691218.14	0.0042	0.30	30	6
GRB:	2691218.14	2691192.76	44.27	0.30	30	6

HEU:	2717092.59	2717092.59	0.0010	0.30	30	7
DFS:	2685009.59	2685009.59	0.0054	0.30	30	7
GRB:	2685010.65	2684992.32	48.72	0.30	30	7

HEU:	2694338.66	2694338.66	0.0008	0.30	30	8
DFS:	2683695.78	2683695.78	0.0055	0.30	30	8
GRB:	2683695.78	2683695.78	79.55	0.30	30	8

HEU:	2689324.20	2689324.20	0.0009	0.30	30	9
DFS:	2683413.89	2683413.89	0.0097	0.30	30	9
GRB:	2683424.68	2683398.51	82.52	0.30	30	9

HEU:	2688113.60	2688113.60	0.0009	0.30	30	10
DFS:	2683354.48	2683354.48	0.0256	0.30	30	10
GRB:	2683336.63	2683313.12	57.40	0.30	30	10

HEU:	8117705.93	8117705.93	0.0011	0.30	40	2
DFS:	7765849.13	7765849.13	0.0011	0.30	40	2
GRB:	7765849.13	7765849.13	12.70	0.30	40	2

HEU:	4582631.86	4582631.86	0.0011	0.30	40	3
DFS:	4123701.63	4123701.63	0.0014	0.30	40	3
GRB:	4123701.63	4123661.89	36.46	0.30	40	3

HEU:	3782957.28	3782957.28	0.0010	0.30	40	4
DFS:	3409967.52	3409967.52	0.0025	0.30	40	4
GRB:	3409967.52	3409967.52	144.74	0.30	40	4

HEU:	3443964.45	3443964.45	0.0011	0.30	40	5
DFS:	3266011.16	3266011.16	0.0039	0.30	40	5
GRB:	3266011.16	3266011.16	202.24	0.30	40	5

HEU:	3339599.19	3339599.19	0.0011	0.30	40	6
DFS:	3237015.81	3237015.81	0.0086	0.30	40	6
GRB:	3237015.81	3237015.81	187.98	0.30	40	6

HEU:	3291825.61	3291825.61	0.0012	0.30	40	7
DFS:	3231194.82	3231194.82	0.0174	0.30	40	7
GRB:	3231194.82	3231175.26	170.26	0.30	40	7

HEU:	3252392.28	3252392.28	0.0012	0.30	40	8
DFS:	3230026.51	3230026.51	0.0211	0.30	40	8
GRB:	3230018.85	3230005.86	243.76	0.30	40	8

HEU:	3238230.27	3238230.27	0.0013	0.30	40	9
DFS:	3229790.47	3229790.47	0.0296	0.30	40	9
GRB:	3229780.56	3229758.70	202.88	0.30	40	9

HEU:	3234940.44	3234940.44	0.0011	0.30	40	10
DFS:	3229742.82	3229742.82	0.0706	0.30	40	10
GRB:	3229729.27	3229728.53	203.70	0.30	40	10

