stop, gap
    12    14    15    16

     3124950

   0.268381015893045

33 	 0.00 	 2 	 11643707.32 	 11632362.23 	 0.03 
stop, gap
    12    14    15    16

     3124950

   0.428087559001540

33 	 0.00 	 3 	 7299791.68 	 7293061.00 	 0.01 
stop, gap
    12    14    15    16

     3124950

   0.435220902647720

33 	 0.00 	 4 	 7180146.87 	 7173002.25 	 0.02 
stop, gap
    12    14    15    16

     3124950

   0.435420974701474

33 	 0.00 	 5 	 7176847.65 	 7170000.03 	 0.01 
stop, gap
    12    14    15    16

     3124950

   0.435420974701474

33 	 0.00 	 6 	 7176847.65 	 7169929.99 	 0.02 
